mode: set
github.com/lucaskalb/rapidx/gen/array.go:9.62,10.62 1 1
github.com/lucaskalb/rapidx/gen/array.go:10.62,11.15 1 1
github.com/lucaskalb/rapidx/gen/array.go:11.15,11.61 1 0
github.com/lucaskalb/rapidx/gen/array.go:12.3,12.12 1 1
github.com/lucaskalb/rapidx/gen/array.go:12.12,12.21 1 0
github.com/lucaskalb/rapidx/gen/array.go:15.3,17.26 3 1
github.com/lucaskalb/rapidx/gen/array.go:17.26,20.4 2 1
github.com/lucaskalb/rapidx/gen/array.go:22.3,26.23 4 1
github.com/lucaskalb/rapidx/gen/array.go:26.23,28.28 2 1
github.com/lucaskalb/rapidx/gen/array.go:28.28,28.38 1 0
github.com/lucaskalb/rapidx/gen/array.go:29.4,31.29 3 1
github.com/lucaskalb/rapidx/gen/array.go:35.3,35.26 1 1
github.com/lucaskalb/rapidx/gen/array.go:35.26,38.30 3 1
github.com/lucaskalb/rapidx/gen/array.go:38.30,39.22 1 1
github.com/lucaskalb/rapidx/gen/array.go:39.22,39.32 1 0
github.com/lucaskalb/rapidx/gen/array.go:40.5,40.36 1 1
github.com/lucaskalb/rapidx/gen/array.go:40.36,44.6 3 1
github.com/lucaskalb/rapidx/gen/array.go:47.3,49.29 2 1
github.com/lucaskalb/rapidx/gen/array.go:49.29,50.23 1 0
github.com/lucaskalb/rapidx/gen/array.go:50.23,50.44 1 0
github.com/lucaskalb/rapidx/gen/array.go:51.4,51.31 1 0
github.com/lucaskalb/rapidx/gen/array.go:51.31,55.5 3 0
github.com/lucaskalb/rapidx/gen/array.go:56.4,58.18 3 0
github.com/lucaskalb/rapidx/gen/array.go:61.3,61.45 1 1
github.com/lucaskalb/rapidx/gen/array.go:61.45,62.14 1 0
github.com/lucaskalb/rapidx/gen/array.go:62.14,64.45 1 0
github.com/lucaskalb/rapidx/gen/array.go:64.45,68.25 2 0
github.com/lucaskalb/rapidx/gen/array.go:68.25,68.41 1 0
github.com/lucaskalb/rapidx/gen/array.go:69.6,69.15 1 0
github.com/lucaskalb/rapidx/gen/array.go:72.4,73.11 2 0
github.com/lucaskalb/rapidx/gen/array.go:73.11,73.32 1 0
github.com/lucaskalb/rapidx/gen/array.go:74.4,75.20 2 0
github.com/lucaskalb/rapidx/gen/bool.go:7.29,8.64 1 1
github.com/lucaskalb/rapidx/gen/bool.go:8.64,9.15 1 1
github.com/lucaskalb/rapidx/gen/bool.go:9.15,9.61 1 0
github.com/lucaskalb/rapidx/gen/bool.go:10.3,16.24 5 1
github.com/lucaskalb/rapidx/gen/bool.go:16.24,17.28 1 1
github.com/lucaskalb/rapidx/gen/bool.go:17.28,17.38 1 0
github.com/lucaskalb/rapidx/gen/bool.go:18.4,19.28 2 1
github.com/lucaskalb/rapidx/gen/bool.go:22.3,22.27 1 1
github.com/lucaskalb/rapidx/gen/bool.go:22.27,25.21 2 1
github.com/lucaskalb/rapidx/gen/bool.go:25.21,25.36 1 1
github.com/lucaskalb/rapidx/gen/bool.go:26.4,26.21 1 1
github.com/lucaskalb/rapidx/gen/bool.go:26.21,26.36 1 1
github.com/lucaskalb/rapidx/gen/bool.go:28.3,30.30 2 1
github.com/lucaskalb/rapidx/gen/bool.go:30.30,31.23 1 1
github.com/lucaskalb/rapidx/gen/bool.go:31.23,31.46 1 0
github.com/lucaskalb/rapidx/gen/bool.go:32.4,32.31 1 1
github.com/lucaskalb/rapidx/gen/bool.go:32.31,36.5 3 0
github.com/lucaskalb/rapidx/gen/bool.go:37.4,39.18 3 1
github.com/lucaskalb/rapidx/gen/bool.go:42.3,42.46 1 1
github.com/lucaskalb/rapidx/gen/bool.go:42.46,43.29 1 1
github.com/lucaskalb/rapidx/gen/bool.go:43.29,46.5 2 0
github.com/lucaskalb/rapidx/gen/bool.go:47.4,48.11 2 1
github.com/lucaskalb/rapidx/gen/bool.go:48.11,48.34 1 0
github.com/lucaskalb/rapidx/gen/bool.go:49.4,50.20 2 1
github.com/lucaskalb/rapidx/gen/comb.go:14.37,15.58 1 1
github.com/lucaskalb/rapidx/gen/comb.go:15.58,16.34 1 1
github.com/lucaskalb/rapidx/gen/comb.go:16.34,16.62 2 0
github.com/lucaskalb/rapidx/gen/comb.go:21.52,22.36 1 1
github.com/lucaskalb/rapidx/gen/comb.go:22.36,22.50 1 0
github.com/lucaskalb/rapidx/gen/comb.go:29.79,30.18 1 1
github.com/lucaskalb/rapidx/gen/comb.go:30.18,31.56 1 0
github.com/lucaskalb/rapidx/gen/comb.go:33.2,33.59 1 1
github.com/lucaskalb/rapidx/gen/comb.go:33.59,34.15 1 1
github.com/lucaskalb/rapidx/gen/comb.go:34.15,36.4 1 0
github.com/lucaskalb/rapidx/gen/comb.go:38.3,43.21 4 1
github.com/lucaskalb/rapidx/gen/comb.go:43.21,44.16 1 1
github.com/lucaskalb/rapidx/gen/comb.go:44.16,46.5 1 1
github.com/lucaskalb/rapidx/gen/comb.go:49.3,49.43 1 1
github.com/lucaskalb/rapidx/gen/comb.go:49.43,51.14 1 0
github.com/lucaskalb/rapidx/gen/comb.go:51.14,52.37 1 0
github.com/lucaskalb/rapidx/gen/comb.go:52.37,54.6 1 0
github.com/lucaskalb/rapidx/gen/comb.go:56.5,56.28 1 0
github.com/lucaskalb/rapidx/gen/comb.go:56.28,63.6 5 0
github.com/lucaskalb/rapidx/gen/comb.go:64.5,65.20 2 0
github.com/lucaskalb/rapidx/gen/comb.go:68.4,68.37 1 0
github.com/lucaskalb/rapidx/gen/comb.go:68.37,70.5 1 0
github.com/lucaskalb/rapidx/gen/comb.go:72.4,72.27 1 0
github.com/lucaskalb/rapidx/gen/comb.go:72.27,78.5 5 0
github.com/lucaskalb/rapidx/gen/comb.go:79.4,80.19 2 0
github.com/lucaskalb/rapidx/gen/comb.go:90.63,91.59 1 1
github.com/lucaskalb/rapidx/gen/comb.go:91.59,94.41 3 1
github.com/lucaskalb/rapidx/gen/comb.go:94.41,96.11 2 0
github.com/lucaskalb/rapidx/gen/comb.go:96.11,99.5 2 0
github.com/lucaskalb/rapidx/gen/comb.go:100.4,100.22 1 0
github.com/lucaskalb/rapidx/gen/comb.go:108.82,109.19 1 1
github.com/lucaskalb/rapidx/gen/comb.go:109.19,111.3 1 0
github.com/lucaskalb/rapidx/gen/comb.go:112.2,112.59 1 1
github.com/lucaskalb/rapidx/gen/comb.go:112.59,113.15 1 1
github.com/lucaskalb/rapidx/gen/comb.go:113.15,115.4 1 0
github.com/lucaskalb/rapidx/gen/comb.go:117.3,120.45 4 1
github.com/lucaskalb/rapidx/gen/comb.go:120.45,122.15 2 1
github.com/lucaskalb/rapidx/gen/comb.go:122.15,124.10 2 1
github.com/lucaskalb/rapidx/gen/comb.go:127.3,127.11 1 1
github.com/lucaskalb/rapidx/gen/comb.go:127.11,129.35 2 0
github.com/lucaskalb/rapidx/gen/comb.go:129.35,129.54 1 0
github.com/lucaskalb/rapidx/gen/comb.go:134.3,134.41 1 1
github.com/lucaskalb/rapidx/gen/comb.go:134.41,135.8 1 0
github.com/lucaskalb/rapidx/gen/comb.go:135.8,137.12 2 0
github.com/lucaskalb/rapidx/gen/comb.go:137.12,140.6 2 0
github.com/lucaskalb/rapidx/gen/comb.go:141.5,141.17 1 0
github.com/lucaskalb/rapidx/gen/comb.go:141.17,143.6 1 0
github.com/lucaskalb/rapidx/gen/comb.go:145.5,145.19 1 0
github.com/lucaskalb/rapidx/gen/comb.go:153.75,154.59 1 1
github.com/lucaskalb/rapidx/gen/comb.go:154.59,155.15 1 1
github.com/lucaskalb/rapidx/gen/comb.go:155.15,157.4 1 0
github.com/lucaskalb/rapidx/gen/comb.go:158.3,164.41 5 1
github.com/lucaskalb/rapidx/gen/comb.go:164.41,165.17 1 0
github.com/lucaskalb/rapidx/gen/comb.go:166.11,167.33 1 0
github.com/lucaskalb/rapidx/gen/comb.go:167.33,169.6 1 0
github.com/lucaskalb/rapidx/gen/comb.go:171.5,173.16 3 0
github.com/lucaskalb/rapidx/gen/comb.go:174.11,176.12 2 0
github.com/lucaskalb/rapidx/gen/comb.go:176.12,179.6 2 0
github.com/lucaskalb/rapidx/gen/comb.go:181.5,184.19 4 0
github.com/lucaskalb/rapidx/gen/comb.go:185.12,187.20 2 0
github.com/lucaskalb/rapidx/gen/cpf.go:11.41,12.71 1 1
github.com/lucaskalb/rapidx/gen/cpf.go:12.71,13.21 1 1
github.com/lucaskalb/rapidx/gen/cpf.go:13.21,13.67 1 0
github.com/lucaskalb/rapidx/gen/cpf.go:16.9,17.13 2 1
github.com/lucaskalb/rapidx/gen/cpf.go:17.13,18.30 1 1
github.com/lucaskalb/rapidx/gen/cpf.go:18.30,18.60 1 1
github.com/lucaskalb/rapidx/gen/cpf.go:19.13,19.37 1 1
github.com/lucaskalb/rapidx/gen/cpf.go:19.37,19.44 1 1
github.com/lucaskalb/rapidx/gen/cpf.go:21.9,24.32 3 1
github.com/lucaskalb/rapidx/gen/cpf.go:24.32,24.60 1 1
github.com/lucaskalb/rapidx/gen/cpf.go:25.9,28.19 3 1
github.com/lucaskalb/rapidx/gen/cpf.go:28.19,28.41 1 0
github.com/lucaskalb/rapidx/gen/cpf.go:31.9,35.32 4 1
github.com/lucaskalb/rapidx/gen/cpf.go:35.32,36.37 1 1
github.com/lucaskalb/rapidx/gen/cpf.go:36.37,36.47 1 1
github.com/lucaskalb/rapidx/gen/cpf.go:37.13,38.37 2 1
github.com/lucaskalb/rapidx/gen/cpf.go:42.9,42.44 1 1
github.com/lucaskalb/rapidx/gen/cpf.go:42.44,47.27 3 1
github.com/lucaskalb/rapidx/gen/cpf.go:47.27,47.39 1 0
github.com/lucaskalb/rapidx/gen/cpf.go:50.13,51.30 2 1
github.com/lucaskalb/rapidx/gen/cpf.go:51.30,51.51 1 1
github.com/lucaskalb/rapidx/gen/cpf.go:54.13,54.30 1 1
github.com/lucaskalb/rapidx/gen/cpf.go:54.30,55.31 1 1
github.com/lucaskalb/rapidx/gen/cpf.go:55.31,55.41 1 0
github.com/lucaskalb/rapidx/gen/cpf.go:56.17,58.39 3 1
github.com/lucaskalb/rapidx/gen/cpf.go:58.39,61.42 3 1
github.com/lucaskalb/rapidx/gen/cpf.go:61.42,61.70 1 1
github.com/lucaskalb/rapidx/gen/cpf.go:62.21,63.38 2 1
github.com/lucaskalb/rapidx/gen/cpf.go:65.17,65.29 1 1
github.com/lucaskalb/rapidx/gen/cpf.go:69.13,69.37 1 1
github.com/lucaskalb/rapidx/gen/cpf.go:69.37,70.31 1 1
github.com/lucaskalb/rapidx/gen/cpf.go:70.31,70.41 1 0
github.com/lucaskalb/rapidx/gen/cpf.go:71.17,72.39 2 1
github.com/lucaskalb/rapidx/gen/cpf.go:72.39,75.42 3 1
github.com/lucaskalb/rapidx/gen/cpf.go:75.42,75.70 1 1
github.com/lucaskalb/rapidx/gen/cpf.go:76.21,77.38 2 1
github.com/lucaskalb/rapidx/gen/cpf.go:79.17,79.24 1 1
github.com/lucaskalb/rapidx/gen/cpf.go:84.9,87.42 3 1
github.com/lucaskalb/rapidx/gen/cpf.go:87.42,88.32 1 0
github.com/lucaskalb/rapidx/gen/cpf.go:88.32,88.52 1 0
github.com/lucaskalb/rapidx/gen/cpf.go:89.13,89.40 1 0
github.com/lucaskalb/rapidx/gen/cpf.go:89.40,94.14 3 0
github.com/lucaskalb/rapidx/gen/cpf.go:96.13,98.27 3 0
github.com/lucaskalb/rapidx/gen/cpf.go:102.9,102.54 1 1
github.com/lucaskalb/rapidx/gen/cpf.go:102.54,103.23 1 0
github.com/lucaskalb/rapidx/gen/cpf.go:103.23,105.46 1 0
github.com/lucaskalb/rapidx/gen/cpf.go:105.46,108.18 2 0
github.com/lucaskalb/rapidx/gen/cpf.go:111.13,112.20 2 0
github.com/lucaskalb/rapidx/gen/cpf.go:112.20,112.40 1 0
github.com/lucaskalb/rapidx/gen/cpf.go:113.13,114.29 2 0
github.com/lucaskalb/rapidx/gen/cpf.go:121.33,122.69 1 1
github.com/lucaskalb/rapidx/gen/cpf.go:122.69,123.15 1 1
github.com/lucaskalb/rapidx/gen/cpf.go:123.15,125.4 1 0
github.com/lucaskalb/rapidx/gen/cpf.go:126.3,126.21 1 1
github.com/lucaskalb/rapidx/gen/cpf.go:126.21,128.4 1 0
github.com/lucaskalb/rapidx/gen/cpf.go:129.3,129.36 1 1
github.com/lucaskalb/rapidx/gen/cpf.go:135.30,137.20 2 1
github.com/lucaskalb/rapidx/gen/cpf.go:137.20,139.3 1 0
github.com/lucaskalb/rapidx/gen/cpf.go:140.2,141.16 2 1
github.com/lucaskalb/rapidx/gen/cpf.go:141.16,143.3 1 1
github.com/lucaskalb/rapidx/gen/cpf.go:144.2,145.34 2 1
github.com/lucaskalb/rapidx/gen/cpf.go:148.33,150.20 2 1
github.com/lucaskalb/rapidx/gen/cpf.go:150.20,151.55 1 0
github.com/lucaskalb/rapidx/gen/cpf.go:153.2,153.69 1 1
github.com/lucaskalb/rapidx/gen/cpf.go:156.33,159.22 3 1
github.com/lucaskalb/rapidx/gen/cpf.go:159.22,160.25 1 1
github.com/lucaskalb/rapidx/gen/cpf.go:160.25,162.4 1 1
github.com/lucaskalb/rapidx/gen/cpf.go:164.2,164.19 1 1
github.com/lucaskalb/rapidx/gen/cpf.go:167.29,168.17 1 1
github.com/lucaskalb/rapidx/gen/cpf.go:168.17,170.3 1 0
github.com/lucaskalb/rapidx/gen/cpf.go:171.2,172.26 2 1
github.com/lucaskalb/rapidx/gen/cpf.go:172.26,173.13 1 1
github.com/lucaskalb/rapidx/gen/cpf.go:173.13,175.4 1 1
github.com/lucaskalb/rapidx/gen/cpf.go:177.2,177.13 1 1
github.com/lucaskalb/rapidx/gen/cpf.go:179.35,180.17 1 1
github.com/lucaskalb/rapidx/gen/cpf.go:180.17,182.3 1 0
github.com/lucaskalb/rapidx/gen/cpf.go:183.2,184.26 2 1
github.com/lucaskalb/rapidx/gen/cpf.go:184.26,185.13 1 1
github.com/lucaskalb/rapidx/gen/cpf.go:185.13,187.4 1 1
github.com/lucaskalb/rapidx/gen/cpf.go:189.2,189.13 1 0
github.com/lucaskalb/rapidx/gen/cpf.go:192.53,193.20 1 1
github.com/lucaskalb/rapidx/gen/cpf.go:193.20,194.58 1 0
github.com/lucaskalb/rapidx/gen/cpf.go:196.2,197.19 2 1
github.com/lucaskalb/rapidx/gen/cpf.go:197.19,199.3 1 1
github.com/lucaskalb/rapidx/gen/cpf.go:200.2,201.14 2 1
github.com/lucaskalb/rapidx/gen/cpf.go:201.14,203.3 1 0
github.com/lucaskalb/rapidx/gen/cpf.go:203.8,205.3 1 1
github.com/lucaskalb/rapidx/gen/cpf.go:207.2,208.19 2 1
github.com/lucaskalb/rapidx/gen/cpf.go:208.19,210.3 1 1
github.com/lucaskalb/rapidx/gen/cpf.go:211.2,213.14 3 1
github.com/lucaskalb/rapidx/gen/cpf.go:213.14,215.3 1 0
github.com/lucaskalb/rapidx/gen/cpf.go:215.8,217.3 1 1
github.com/lucaskalb/rapidx/gen/cpf.go:218.2,218.8 1 1
github.com/lucaskalb/rapidx/gen/cpf.go:220.58,221.20 1 1
github.com/lucaskalb/rapidx/gen/cpf.go:221.20,222.63 1 0
github.com/lucaskalb/rapidx/gen/cpf.go:224.2,225.19 2 1
github.com/lucaskalb/rapidx/gen/cpf.go:225.19,227.3 1 1
github.com/lucaskalb/rapidx/gen/cpf.go:228.2,229.14 2 1
github.com/lucaskalb/rapidx/gen/cpf.go:229.14,231.3 1 1
github.com/lucaskalb/rapidx/gen/cpf.go:231.8,233.3 1 1
github.com/lucaskalb/rapidx/gen/cpf.go:235.2,236.19 2 1
github.com/lucaskalb/rapidx/gen/cpf.go:236.19,238.3 1 1
github.com/lucaskalb/rapidx/gen/cpf.go:239.2,241.14 3 1
github.com/lucaskalb/rapidx/gen/cpf.go:241.14,243.3 1 1
github.com/lucaskalb/rapidx/gen/cpf.go:243.8,245.3 1 1
github.com/lucaskalb/rapidx/gen/cpf.go:246.2,246.8 1 1
github.com/lucaskalb/rapidx/gen/float.go:10.44,11.71 1 1
github.com/lucaskalb/rapidx/gen/float.go:11.71,12.15 1 1
github.com/lucaskalb/rapidx/gen/float.go:12.15,12.61 1 0
github.com/lucaskalb/rapidx/gen/float.go:13.3,14.16 2 1
github.com/lucaskalb/rapidx/gen/float.go:14.16,14.39 1 0
github.com/lucaskalb/rapidx/gen/float.go:15.3,16.54 2 1
github.com/lucaskalb/rapidx/gen/float.go:21.85,22.15 1 1
github.com/lucaskalb/rapidx/gen/float.go:22.15,22.38 1 0
github.com/lucaskalb/rapidx/gen/float.go:23.2,23.70 1 1
github.com/lucaskalb/rapidx/gen/float.go:23.70,24.15 1 1
github.com/lucaskalb/rapidx/gen/float.go:24.15,24.61 1 0
github.com/lucaskalb/rapidx/gen/float.go:25.3,26.36 2 1
github.com/lucaskalb/rapidx/gen/float.go:26.36,28.4 1 0
github.com/lucaskalb/rapidx/gen/float.go:28.9,28.43 1 1
github.com/lucaskalb/rapidx/gen/float.go:28.43,29.22 1 0
github.com/lucaskalb/rapidx/gen/float.go:29.22,29.51 1 0
github.com/lucaskalb/rapidx/gen/float.go:29.56,29.86 1 0
github.com/lucaskalb/rapidx/gen/float.go:31.3,31.64 1 1
github.com/lucaskalb/rapidx/gen/float.go:37.103,44.26 5 1
github.com/lucaskalb/rapidx/gen/float.go:44.26,45.35 1 1
github.com/lucaskalb/rapidx/gen/float.go:45.35,45.45 1 0
github.com/lucaskalb/rapidx/gen/float.go:46.3,46.35 1 1
github.com/lucaskalb/rapidx/gen/float.go:46.35,46.45 1 0
github.com/lucaskalb/rapidx/gen/float.go:47.3,47.73 1 1
github.com/lucaskalb/rapidx/gen/float.go:47.73,48.26 1 1
github.com/lucaskalb/rapidx/gen/float.go:48.26,48.36 1 1
github.com/lucaskalb/rapidx/gen/float.go:50.3,51.27 2 1
github.com/lucaskalb/rapidx/gen/float.go:51.27,51.37 1 1
github.com/lucaskalb/rapidx/gen/float.go:52.3,53.27 2 1
github.com/lucaskalb/rapidx/gen/float.go:56.2,56.29 1 1
github.com/lucaskalb/rapidx/gen/float.go:56.29,59.25 2 1
github.com/lucaskalb/rapidx/gen/float.go:59.25,63.16 4 0
github.com/lucaskalb/rapidx/gen/float.go:63.16,63.76 2 0
github.com/lucaskalb/rapidx/gen/float.go:64.4,64.28 1 0
github.com/lucaskalb/rapidx/gen/float.go:64.28,64.41 1 0
github.com/lucaskalb/rapidx/gen/float.go:65.4,65.28 1 0
github.com/lucaskalb/rapidx/gen/float.go:65.28,65.41 1 0
github.com/lucaskalb/rapidx/gen/float.go:66.4,66.10 1 0
github.com/lucaskalb/rapidx/gen/float.go:68.3,68.25 1 1
github.com/lucaskalb/rapidx/gen/float.go:68.25,69.61 1 0
github.com/lucaskalb/rapidx/gen/float.go:69.61,69.74 1 0
github.com/lucaskalb/rapidx/gen/float.go:70.4,70.61 1 0
github.com/lucaskalb/rapidx/gen/float.go:70.61,70.74 1 0
github.com/lucaskalb/rapidx/gen/float.go:71.4,72.10 2 0
github.com/lucaskalb/rapidx/gen/float.go:76.3,77.21 2 1
github.com/lucaskalb/rapidx/gen/float.go:77.21,77.37 1 1
github.com/lucaskalb/rapidx/gen/float.go:79.3,79.21 1 1
github.com/lucaskalb/rapidx/gen/float.go:79.21,81.20 2 1
github.com/lucaskalb/rapidx/gen/float.go:81.20,81.34 1 1
github.com/lucaskalb/rapidx/gen/float.go:82.4,83.47 2 1
github.com/lucaskalb/rapidx/gen/float.go:83.47,85.23 2 1
github.com/lucaskalb/rapidx/gen/float.go:85.23,85.39 1 1
github.com/lucaskalb/rapidx/gen/float.go:89.3,89.21 1 1
github.com/lucaskalb/rapidx/gen/float.go:89.21,91.20 2 1
github.com/lucaskalb/rapidx/gen/float.go:91.20,91.34 1 1
github.com/lucaskalb/rapidx/gen/float.go:95.3,95.31 1 1
github.com/lucaskalb/rapidx/gen/float.go:95.31,97.4 1 1
github.com/lucaskalb/rapidx/gen/float.go:99.3,99.42 1 1
github.com/lucaskalb/rapidx/gen/float.go:99.42,99.55 1 1
github.com/lucaskalb/rapidx/gen/float.go:100.3,100.42 1 1
github.com/lucaskalb/rapidx/gen/float.go:100.42,100.55 1 1
github.com/lucaskalb/rapidx/gen/float.go:103.2,105.32 2 1
github.com/lucaskalb/rapidx/gen/float.go:105.32,106.22 1 1
github.com/lucaskalb/rapidx/gen/float.go:106.22,106.41 1 0
github.com/lucaskalb/rapidx/gen/float.go:107.3,107.30 1 1
github.com/lucaskalb/rapidx/gen/float.go:107.30,111.4 3 0
github.com/lucaskalb/rapidx/gen/float.go:112.3,114.17 3 1
github.com/lucaskalb/rapidx/gen/float.go:117.2,117.48 1 1
github.com/lucaskalb/rapidx/gen/float.go:117.48,118.44 1 1
github.com/lucaskalb/rapidx/gen/float.go:118.44,121.4 2 0
github.com/lucaskalb/rapidx/gen/float.go:122.3,123.10 2 1
github.com/lucaskalb/rapidx/gen/float.go:123.10,123.29 1 0
github.com/lucaskalb/rapidx/gen/float.go:124.3,125.19 2 1
github.com/lucaskalb/rapidx/gen/float.go:131.38,131.102 1 1
github.com/lucaskalb/rapidx/gen/float.go:132.38,132.71 1 1
github.com/lucaskalb/rapidx/gen/float.go:133.38,133.74 1 1
github.com/lucaskalb/rapidx/gen/float.go:135.31,135.61 1 1
github.com/lucaskalb/rapidx/gen/float.go:137.44,138.25 1 1
github.com/lucaskalb/rapidx/gen/float.go:138.25,138.37 1 0
github.com/lucaskalb/rapidx/gen/float.go:139.2,139.37 1 1
github.com/lucaskalb/rapidx/gen/float.go:139.37,139.51 1 1
github.com/lucaskalb/rapidx/gen/float.go:140.2,140.37 1 1
github.com/lucaskalb/rapidx/gen/float.go:140.37,140.51 1 1
github.com/lucaskalb/rapidx/gen/float.go:141.2,141.10 1 1
github.com/lucaskalb/rapidx/gen/float.go:144.62,146.46 2 1
github.com/lucaskalb/rapidx/gen/float.go:146.46,147.32 1 1
github.com/lucaskalb/rapidx/gen/float.go:147.32,147.41 1 0
github.com/lucaskalb/rapidx/gen/float.go:148.3,148.32 1 1
github.com/lucaskalb/rapidx/gen/float.go:148.32,148.41 1 1
github.com/lucaskalb/rapidx/gen/float.go:150.2,150.12 1 1
github.com/lucaskalb/rapidx/gen/float.go:150.12,150.23 1 1
github.com/lucaskalb/rapidx/gen/float.go:151.2,151.32 1 1
github.com/lucaskalb/rapidx/gen/float.go:154.57,155.64 1 1
github.com/lucaskalb/rapidx/gen/float.go:155.64,156.17 1 1
github.com/lucaskalb/rapidx/gen/float.go:156.17,156.31 1 0
github.com/lucaskalb/rapidx/gen/float.go:157.3,157.46 1 1
github.com/lucaskalb/rapidx/gen/float.go:159.2,159.40 1 0
github.com/lucaskalb/rapidx/gen/float.go:162.46,163.74 1 1
github.com/lucaskalb/rapidx/gen/float.go:163.74,163.86 1 1
github.com/lucaskalb/rapidx/gen/float.go:164.2,164.52 1 1
github.com/lucaskalb/rapidx/gen/float.go:164.52,164.64 1 0
github.com/lucaskalb/rapidx/gen/float.go:165.2,167.17 3 1
github.com/lucaskalb/rapidx/gen/float.go:167.17,167.31 1 1
github.com/lucaskalb/rapidx/gen/float.go:168.2,168.12 1 1
github.com/lucaskalb/rapidx/gen/float.go:171.47,172.12 1 1
github.com/lucaskalb/rapidx/gen/float.go:172.12,172.24 1 1
github.com/lucaskalb/rapidx/gen/float.go:173.2,173.20 1 1
github.com/lucaskalb/rapidx/gen/float64.go:11.44,12.71 1 1
github.com/lucaskalb/rapidx/gen/float64.go:12.71,13.15 1 1
github.com/lucaskalb/rapidx/gen/float64.go:13.15,13.61 1 0
github.com/lucaskalb/rapidx/gen/float64.go:14.3,15.16 2 1
github.com/lucaskalb/rapidx/gen/float64.go:15.16,15.39 1 0
github.com/lucaskalb/rapidx/gen/float64.go:16.3,17.54 2 1
github.com/lucaskalb/rapidx/gen/float64.go:21.62,23.46 2 1
github.com/lucaskalb/rapidx/gen/float64.go:23.46,24.32 1 1
github.com/lucaskalb/rapidx/gen/float64.go:24.32,24.41 1 1
github.com/lucaskalb/rapidx/gen/float64.go:25.3,25.32 1 1
github.com/lucaskalb/rapidx/gen/float64.go:25.32,25.41 1 1
github.com/lucaskalb/rapidx/gen/float64.go:27.2,27.12 1 1
github.com/lucaskalb/rapidx/gen/float64.go:27.12,27.23 1 1
github.com/lucaskalb/rapidx/gen/float64.go:28.2,28.32 1 1
github.com/lucaskalb/rapidx/gen/float64.go:34.85,35.15 1 1
github.com/lucaskalb/rapidx/gen/float64.go:35.15,35.38 1 0
github.com/lucaskalb/rapidx/gen/float64.go:36.2,36.70 1 1
github.com/lucaskalb/rapidx/gen/float64.go:36.70,37.15 1 1
github.com/lucaskalb/rapidx/gen/float64.go:37.15,37.61 1 0
github.com/lucaskalb/rapidx/gen/float64.go:38.3,40.36 2 1
github.com/lucaskalb/rapidx/gen/float64.go:40.36,42.4 1 0
github.com/lucaskalb/rapidx/gen/float64.go:42.9,42.43 1 1
github.com/lucaskalb/rapidx/gen/float64.go:42.43,43.22 1 0
github.com/lucaskalb/rapidx/gen/float64.go:43.22,43.42 1 0
github.com/lucaskalb/rapidx/gen/float64.go:43.47,43.68 1 0
github.com/lucaskalb/rapidx/gen/float64.go:45.3,45.64 1 1
github.com/lucaskalb/rapidx/gen/float64.go:51.103,58.26 5 1
github.com/lucaskalb/rapidx/gen/float64.go:58.26,60.33 1 1
github.com/lucaskalb/rapidx/gen/float64.go:60.33,60.43 1 0
github.com/lucaskalb/rapidx/gen/float64.go:61.3,61.36 1 1
github.com/lucaskalb/rapidx/gen/float64.go:61.36,61.46 1 0
github.com/lucaskalb/rapidx/gen/float64.go:62.3,62.52 1 1
github.com/lucaskalb/rapidx/gen/float64.go:62.52,63.26 1 1
github.com/lucaskalb/rapidx/gen/float64.go:63.26,63.36 1 1
github.com/lucaskalb/rapidx/gen/float64.go:65.3,66.27 2 1
github.com/lucaskalb/rapidx/gen/float64.go:66.27,66.37 1 1
github.com/lucaskalb/rapidx/gen/float64.go:67.3,68.27 2 1
github.com/lucaskalb/rapidx/gen/float64.go:71.2,71.29 1 1
github.com/lucaskalb/rapidx/gen/float64.go:71.29,75.23 2 1
github.com/lucaskalb/rapidx/gen/float64.go:75.23,80.16 4 1
github.com/lucaskalb/rapidx/gen/float64.go:80.16,83.5 2 0
github.com/lucaskalb/rapidx/gen/float64.go:84.4,84.21 1 1
github.com/lucaskalb/rapidx/gen/float64.go:84.21,84.34 1 1
github.com/lucaskalb/rapidx/gen/float64.go:85.4,85.21 1 1
github.com/lucaskalb/rapidx/gen/float64.go:85.21,85.34 1 1
github.com/lucaskalb/rapidx/gen/float64.go:86.4,86.10 1 1
github.com/lucaskalb/rapidx/gen/float64.go:88.3,88.26 1 1
github.com/lucaskalb/rapidx/gen/float64.go:88.26,90.45 1 1
github.com/lucaskalb/rapidx/gen/float64.go:90.45,92.5 1 1
github.com/lucaskalb/rapidx/gen/float64.go:93.4,93.45 1 1
github.com/lucaskalb/rapidx/gen/float64.go:93.45,95.5 1 0
github.com/lucaskalb/rapidx/gen/float64.go:96.4,97.10 2 1
github.com/lucaskalb/rapidx/gen/float64.go:101.3,102.21 2 1
github.com/lucaskalb/rapidx/gen/float64.go:102.21,102.37 1 1
github.com/lucaskalb/rapidx/gen/float64.go:105.3,105.21 1 1
github.com/lucaskalb/rapidx/gen/float64.go:105.21,107.20 2 1
github.com/lucaskalb/rapidx/gen/float64.go:107.20,107.34 1 1
github.com/lucaskalb/rapidx/gen/float64.go:108.4,109.47 2 1
github.com/lucaskalb/rapidx/gen/float64.go:109.47,111.23 2 1
github.com/lucaskalb/rapidx/gen/float64.go:111.23,111.39 1 1
github.com/lucaskalb/rapidx/gen/float64.go:116.3,116.21 1 1
github.com/lucaskalb/rapidx/gen/float64.go:116.21,118.20 2 1
github.com/lucaskalb/rapidx/gen/float64.go:118.20,118.34 1 1
github.com/lucaskalb/rapidx/gen/float64.go:122.3,122.54 1 1
github.com/lucaskalb/rapidx/gen/float64.go:122.54,125.4 1 1
github.com/lucaskalb/rapidx/gen/float64.go:125.9,125.60 1 1
github.com/lucaskalb/rapidx/gen/float64.go:125.60,127.4 1 1
github.com/lucaskalb/rapidx/gen/float64.go:130.3,130.35 1 1
github.com/lucaskalb/rapidx/gen/float64.go:130.35,130.48 1 1
github.com/lucaskalb/rapidx/gen/float64.go:131.3,131.35 1 1
github.com/lucaskalb/rapidx/gen/float64.go:131.35,131.48 1 1
github.com/lucaskalb/rapidx/gen/float64.go:134.2,136.32 2 1
github.com/lucaskalb/rapidx/gen/float64.go:136.32,137.22 1 1
github.com/lucaskalb/rapidx/gen/float64.go:137.22,137.41 1 1
github.com/lucaskalb/rapidx/gen/float64.go:138.3,138.30 1 1
github.com/lucaskalb/rapidx/gen/float64.go:138.30,142.4 3 1
github.com/lucaskalb/rapidx/gen/float64.go:143.3,145.17 3 1
github.com/lucaskalb/rapidx/gen/float64.go:148.2,148.48 1 1
github.com/lucaskalb/rapidx/gen/float64.go:148.48,149.44 1 1
github.com/lucaskalb/rapidx/gen/float64.go:149.44,152.4 2 1
github.com/lucaskalb/rapidx/gen/float64.go:153.3,154.10 2 1
github.com/lucaskalb/rapidx/gen/float64.go:154.10,154.29 1 1
github.com/lucaskalb/rapidx/gen/float64.go:155.3,156.19 2 1
github.com/lucaskalb/rapidx/gen/float64.go:162.31,162.77 1 1
github.com/lucaskalb/rapidx/gen/float64.go:164.31,164.61 1 1
github.com/lucaskalb/rapidx/gen/float64.go:166.44,167.18 1 1
github.com/lucaskalb/rapidx/gen/float64.go:167.18,167.30 1 1
github.com/lucaskalb/rapidx/gen/float64.go:168.2,168.30 1 1
github.com/lucaskalb/rapidx/gen/float64.go:168.30,168.44 1 1
github.com/lucaskalb/rapidx/gen/float64.go:169.2,169.30 1 1
github.com/lucaskalb/rapidx/gen/float64.go:169.30,169.44 1 1
github.com/lucaskalb/rapidx/gen/float64.go:170.2,170.10 1 1
github.com/lucaskalb/rapidx/gen/float64.go:173.57,174.50 1 1
github.com/lucaskalb/rapidx/gen/float64.go:174.50,175.17 1 1
github.com/lucaskalb/rapidx/gen/float64.go:175.17,175.31 1 1
github.com/lucaskalb/rapidx/gen/float64.go:176.3,176.37 1 1
github.com/lucaskalb/rapidx/gen/float64.go:179.2,179.31 1 1
github.com/lucaskalb/rapidx/gen/float64.go:183.46,184.60 1 1
github.com/lucaskalb/rapidx/gen/float64.go:184.60,184.72 1 1
github.com/lucaskalb/rapidx/gen/float64.go:186.2,186.38 1 1
github.com/lucaskalb/rapidx/gen/float64.go:186.38,186.50 1 0
github.com/lucaskalb/rapidx/gen/float64.go:188.2,190.17 3 1
github.com/lucaskalb/rapidx/gen/float64.go:190.17,190.31 1 1
github.com/lucaskalb/rapidx/gen/float64.go:191.2,191.12 1 1
github.com/lucaskalb/rapidx/gen/float64.go:195.47,196.12 1 1
github.com/lucaskalb/rapidx/gen/float64.go:196.12,196.24 1 1
github.com/lucaskalb/rapidx/gen/float64.go:197.2,197.20 1 1
github.com/lucaskalb/rapidx/gen/int.go:12.36,13.63 1 1
github.com/lucaskalb/rapidx/gen/int.go:13.63,14.15 1 1
github.com/lucaskalb/rapidx/gen/int.go:14.15,16.4 1 0
github.com/lucaskalb/rapidx/gen/int.go:17.3,18.16 2 1
github.com/lucaskalb/rapidx/gen/int.go:18.16,20.4 1 0
github.com/lucaskalb/rapidx/gen/int.go:22.3,23.36 2 1
github.com/lucaskalb/rapidx/gen/int.go:29.44,30.15 1 1
github.com/lucaskalb/rapidx/gen/int.go:30.15,32.3 1 1
github.com/lucaskalb/rapidx/gen/int.go:33.2,33.62 1 1
github.com/lucaskalb/rapidx/gen/int.go:33.62,34.15 1 1
github.com/lucaskalb/rapidx/gen/int.go:34.15,36.4 1 0
github.com/lucaskalb/rapidx/gen/int.go:37.3,38.36 2 1
github.com/lucaskalb/rapidx/gen/int.go:44.62,53.22 5 1
github.com/lucaskalb/rapidx/gen/int.go:53.22,54.25 1 1
github.com/lucaskalb/rapidx/gen/int.go:54.25,56.4 1 0
github.com/lucaskalb/rapidx/gen/int.go:57.3,57.27 1 1
github.com/lucaskalb/rapidx/gen/int.go:57.27,59.4 1 1
github.com/lucaskalb/rapidx/gen/int.go:60.3,61.27 2 1
github.com/lucaskalb/rapidx/gen/int.go:69.2,69.34 1 1
github.com/lucaskalb/rapidx/gen/int.go:69.34,74.21 3 1
github.com/lucaskalb/rapidx/gen/int.go:74.21,76.4 1 1
github.com/lucaskalb/rapidx/gen/int.go:79.3,79.21 1 1
github.com/lucaskalb/rapidx/gen/int.go:79.21,81.20 2 1
github.com/lucaskalb/rapidx/gen/int.go:81.20,83.5 1 1
github.com/lucaskalb/rapidx/gen/int.go:86.4,87.27 2 1
github.com/lucaskalb/rapidx/gen/int.go:87.27,88.25 1 1
github.com/lucaskalb/rapidx/gen/int.go:88.25,89.11 1 1
github.com/lucaskalb/rapidx/gen/int.go:91.5,92.23 2 1
github.com/lucaskalb/rapidx/gen/int.go:92.23,94.6 1 1
github.com/lucaskalb/rapidx/gen/int.go:99.3,99.21 1 1
github.com/lucaskalb/rapidx/gen/int.go:99.21,101.20 2 1
github.com/lucaskalb/rapidx/gen/int.go:101.20,103.5 1 1
github.com/lucaskalb/rapidx/gen/int.go:107.3,107.18 1 1
github.com/lucaskalb/rapidx/gen/int.go:107.18,109.4 1 1
github.com/lucaskalb/rapidx/gen/int.go:110.3,110.18 1 1
github.com/lucaskalb/rapidx/gen/int.go:110.18,112.4 1 1
github.com/lucaskalb/rapidx/gen/int.go:115.2,117.28 2 1
github.com/lucaskalb/rapidx/gen/int.go:117.28,118.22 1 1
github.com/lucaskalb/rapidx/gen/int.go:118.22,120.4 1 1
github.com/lucaskalb/rapidx/gen/int.go:121.3,121.30 1 1
github.com/lucaskalb/rapidx/gen/int.go:121.30,125.4 3 1
github.com/lucaskalb/rapidx/gen/int.go:126.3,128.17 3 1
github.com/lucaskalb/rapidx/gen/int.go:131.2,131.44 1 1
github.com/lucaskalb/rapidx/gen/int.go:131.44,133.13 1 1
github.com/lucaskalb/rapidx/gen/int.go:133.13,134.19 1 1
github.com/lucaskalb/rapidx/gen/int.go:134.19,137.5 2 1
github.com/lucaskalb/rapidx/gen/int.go:140.3,141.10 2 1
github.com/lucaskalb/rapidx/gen/int.go:141.10,143.4 1 1
github.com/lucaskalb/rapidx/gen/int.go:144.3,145.19 2 1
github.com/lucaskalb/rapidx/gen/int.go:151.37,152.26 1 1
github.com/lucaskalb/rapidx/gen/int.go:152.26,154.3 1 1
github.com/lucaskalb/rapidx/gen/int.go:156.2,156.13 1 1
github.com/lucaskalb/rapidx/gen/int.go:156.13,159.3 1 1
github.com/lucaskalb/rapidx/gen/int.go:161.2,161.12 1 1
github.com/lucaskalb/rapidx/gen/int.go:166.36,167.12 1 1
github.com/lucaskalb/rapidx/gen/int.go:167.12,169.3 1 1
github.com/lucaskalb/rapidx/gen/int.go:170.2,173.15 3 1
github.com/lucaskalb/rapidx/gen/int.go:173.15,174.12 1 1
github.com/lucaskalb/rapidx/gen/int.go:174.12,176.4 1 1
github.com/lucaskalb/rapidx/gen/int.go:176.9,178.4 1 1
github.com/lucaskalb/rapidx/gen/int.go:180.2,180.17 1 1
github.com/lucaskalb/rapidx/gen/int.go:184.32,185.12 1 1
github.com/lucaskalb/rapidx/gen/int.go:185.12,187.3 1 1
github.com/lucaskalb/rapidx/gen/int.go:188.2,188.11 1 1
github.com/lucaskalb/rapidx/gen/int.go:188.11,190.3 1 1
github.com/lucaskalb/rapidx/gen/int.go:191.2,191.14 1 1
github.com/lucaskalb/rapidx/gen/int.go:197.51,200.46 2 1
github.com/lucaskalb/rapidx/gen/int.go:200.46,203.3 2 1
github.com/lucaskalb/rapidx/gen/int.go:204.2,204.12 1 1
github.com/lucaskalb/rapidx/gen/int.go:204.12,206.3 1 1
github.com/lucaskalb/rapidx/gen/int.go:207.2,207.14 1 1
github.com/lucaskalb/rapidx/gen/int.go:210.33,211.13 1 1
github.com/lucaskalb/rapidx/gen/int.go:211.13,213.3 1 1
github.com/lucaskalb/rapidx/gen/int.go:214.2,214.13 1 1
github.com/lucaskalb/rapidx/gen/int.go:214.13,216.3 1 1
github.com/lucaskalb/rapidx/gen/int.go:217.2,217.10 1 1
github.com/lucaskalb/rapidx/gen/int.go:220.24,221.11 1 1
github.com/lucaskalb/rapidx/gen/int.go:221.11,223.3 1 1
github.com/lucaskalb/rapidx/gen/int.go:224.2,224.10 1 1
github.com/lucaskalb/rapidx/gen/int.go:226.27,227.11 1 1
github.com/lucaskalb/rapidx/gen/int.go:227.11,229.3 1 1
github.com/lucaskalb/rapidx/gen/int.go:230.2,230.10 1 1
github.com/lucaskalb/rapidx/gen/int64.go:9.40,10.67 1 1
github.com/lucaskalb/rapidx/gen/int64.go:10.67,11.15 1 1
github.com/lucaskalb/rapidx/gen/int64.go:11.15,11.61 1 0
github.com/lucaskalb/rapidx/gen/int64.go:12.3,13.16 2 1
github.com/lucaskalb/rapidx/gen/int64.go:13.16,13.39 1 0
github.com/lucaskalb/rapidx/gen/int64.go:14.3,15.38 2 1
github.com/lucaskalb/rapidx/gen/int64.go:20.50,21.15 1 1
github.com/lucaskalb/rapidx/gen/int64.go:21.15,21.38 1 0
github.com/lucaskalb/rapidx/gen/int64.go:22.2,22.66 1 1
github.com/lucaskalb/rapidx/gen/int64.go:22.66,23.15 1 1
github.com/lucaskalb/rapidx/gen/int64.go:23.15,23.61 1 0
github.com/lucaskalb/rapidx/gen/int64.go:24.3,25.38 2 1
github.com/lucaskalb/rapidx/gen/int64.go:31.70,37.24 4 1
github.com/lucaskalb/rapidx/gen/int64.go:37.24,38.25 1 1
github.com/lucaskalb/rapidx/gen/int64.go:38.25,38.35 1 0
github.com/lucaskalb/rapidx/gen/int64.go:39.3,39.27 1 1
github.com/lucaskalb/rapidx/gen/int64.go:39.27,39.37 1 1
github.com/lucaskalb/rapidx/gen/int64.go:40.3,41.27 2 1
github.com/lucaskalb/rapidx/gen/int64.go:43.2,45.27 2 1
github.com/lucaskalb/rapidx/gen/int64.go:45.27,48.21 2 1
github.com/lucaskalb/rapidx/gen/int64.go:48.21,48.37 1 1
github.com/lucaskalb/rapidx/gen/int64.go:50.3,50.21 1 1
github.com/lucaskalb/rapidx/gen/int64.go:50.21,52.20 2 1
github.com/lucaskalb/rapidx/gen/int64.go:52.20,52.34 1 1
github.com/lucaskalb/rapidx/gen/int64.go:53.4,54.47 2 1
github.com/lucaskalb/rapidx/gen/int64.go:54.47,56.23 2 1
github.com/lucaskalb/rapidx/gen/int64.go:56.23,56.39 1 1
github.com/lucaskalb/rapidx/gen/int64.go:60.3,60.21 1 1
github.com/lucaskalb/rapidx/gen/int64.go:60.21,60.58 1 1
github.com/lucaskalb/rapidx/gen/int64.go:62.3,62.18 1 1
github.com/lucaskalb/rapidx/gen/int64.go:62.18,62.31 1 1
github.com/lucaskalb/rapidx/gen/int64.go:63.3,63.18 1 1
github.com/lucaskalb/rapidx/gen/int64.go:63.18,63.31 1 1
github.com/lucaskalb/rapidx/gen/int64.go:65.2,67.30 2 1
github.com/lucaskalb/rapidx/gen/int64.go:67.30,68.22 1 1
github.com/lucaskalb/rapidx/gen/int64.go:68.22,68.41 1 0
github.com/lucaskalb/rapidx/gen/int64.go:69.3,69.30 1 1
github.com/lucaskalb/rapidx/gen/int64.go:69.30,73.4 3 0
github.com/lucaskalb/rapidx/gen/int64.go:74.3,76.17 3 1
github.com/lucaskalb/rapidx/gen/int64.go:79.2,79.46 1 1
github.com/lucaskalb/rapidx/gen/int64.go:79.46,80.28 1 1
github.com/lucaskalb/rapidx/gen/int64.go:80.28,83.4 2 0
github.com/lucaskalb/rapidx/gen/int64.go:84.3,85.10 2 1
github.com/lucaskalb/rapidx/gen/int64.go:85.10,85.29 1 0
github.com/lucaskalb/rapidx/gen/int64.go:86.3,87.19 2 1
github.com/lucaskalb/rapidx/gen/int64.go:91.43,92.26 1 1
github.com/lucaskalb/rapidx/gen/int64.go:92.26,92.38 1 1
github.com/lucaskalb/rapidx/gen/int64.go:93.2,93.13 1 1
github.com/lucaskalb/rapidx/gen/int64.go:93.13,93.27 1 1
github.com/lucaskalb/rapidx/gen/int64.go:94.2,94.12 1 0
github.com/lucaskalb/rapidx/gen/int64.go:96.39,97.13 1 1
github.com/lucaskalb/rapidx/gen/int64.go:97.13,97.27 1 0
github.com/lucaskalb/rapidx/gen/int64.go:98.2,98.13 1 1
github.com/lucaskalb/rapidx/gen/int64.go:98.13,98.27 1 0
github.com/lucaskalb/rapidx/gen/int64.go:99.2,99.10 1 1
github.com/lucaskalb/rapidx/gen/int64.go:101.42,102.12 1 1
github.com/lucaskalb/rapidx/gen/int64.go:102.12,102.24 1 0
github.com/lucaskalb/rapidx/gen/int64.go:103.2,105.15 3 1
github.com/lucaskalb/rapidx/gen/int64.go:105.15,105.26 1 1
github.com/lucaskalb/rapidx/gen/int64.go:105.26,105.38 1 1
github.com/lucaskalb/rapidx/gen/int64.go:105.43,105.57 1 1
github.com/lucaskalb/rapidx/gen/int64.go:106.2,106.17 1 1
github.com/lucaskalb/rapidx/gen/int64.go:108.38,109.12 1 1
github.com/lucaskalb/rapidx/gen/int64.go:109.12,109.24 1 0
github.com/lucaskalb/rapidx/gen/int64.go:110.2,110.11 1 1
github.com/lucaskalb/rapidx/gen/int64.go:110.11,110.27 1 1
github.com/lucaskalb/rapidx/gen/int64.go:111.2,111.14 1 1
github.com/lucaskalb/rapidx/gen/int64.go:113.57,115.46 2 1
github.com/lucaskalb/rapidx/gen/int64.go:115.46,116.38 1 1
github.com/lucaskalb/rapidx/gen/int64.go:116.38,116.49 1 0
github.com/lucaskalb/rapidx/gen/int64.go:117.3,117.38 1 1
github.com/lucaskalb/rapidx/gen/int64.go:117.38,117.49 1 1
github.com/lucaskalb/rapidx/gen/int64.go:119.2,119.12 1 1
github.com/lucaskalb/rapidx/gen/int64.go:119.12,119.23 1 0
github.com/lucaskalb/rapidx/gen/int64.go:120.2,120.14 1 1
github.com/lucaskalb/rapidx/gen/int64.go:122.28,123.11 1 1
github.com/lucaskalb/rapidx/gen/int64.go:123.11,123.31 1 0
github.com/lucaskalb/rapidx/gen/int64.go:124.2,124.17 1 1
github.com/lucaskalb/rapidx/gen/slice.go:14.66,15.63 1 1
github.com/lucaskalb/rapidx/gen/slice.go:15.63,16.15 1 1
github.com/lucaskalb/rapidx/gen/slice.go:16.15,18.4 1 0
github.com/lucaskalb/rapidx/gen/slice.go:20.3,20.37 1 1
github.com/lucaskalb/rapidx/gen/slice.go:20.37,22.4 1 1
github.com/lucaskalb/rapidx/gen/slice.go:23.3,23.33 1 1
github.com/lucaskalb/rapidx/gen/slice.go:23.33,25.4 1 1
github.com/lucaskalb/rapidx/gen/slice.go:26.3,26.26 1 1
github.com/lucaskalb/rapidx/gen/slice.go:26.26,28.4 1 0
github.com/lucaskalb/rapidx/gen/slice.go:31.3,32.26 2 1
github.com/lucaskalb/rapidx/gen/slice.go:32.26,34.4 1 1
github.com/lucaskalb/rapidx/gen/slice.go:37.3,39.26 3 1
github.com/lucaskalb/rapidx/gen/slice.go:39.26,42.4 2 1
github.com/lucaskalb/rapidx/gen/slice.go:43.3,50.23 5 1
github.com/lucaskalb/rapidx/gen/slice.go:50.23,52.28 2 1
github.com/lucaskalb/rapidx/gen/slice.go:52.28,54.5 1 1
github.com/lucaskalb/rapidx/gen/slice.go:55.4,58.29 3 1
github.com/lucaskalb/rapidx/gen/slice.go:62.3,62.39 1 1
github.com/lucaskalb/rapidx/gen/slice.go:62.39,67.4 4 1
github.com/lucaskalb/rapidx/gen/slice.go:69.3,69.35 1 1
github.com/lucaskalb/rapidx/gen/slice.go:69.35,72.14 3 1
github.com/lucaskalb/rapidx/gen/slice.go:72.14,74.5 1 0
github.com/lucaskalb/rapidx/gen/slice.go:76.4,77.19 2 1
github.com/lucaskalb/rapidx/gen/slice.go:77.19,78.42 1 1
github.com/lucaskalb/rapidx/gen/slice.go:78.42,80.6 1 1
github.com/lucaskalb/rapidx/gen/slice.go:81.5,81.15 1 1
github.com/lucaskalb/rapidx/gen/slice.go:84.4,84.32 1 1
github.com/lucaskalb/rapidx/gen/slice.go:84.32,86.5 1 1
github.com/lucaskalb/rapidx/gen/slice.go:89.4,89.32 1 1
github.com/lucaskalb/rapidx/gen/slice.go:89.32,90.38 1 1
github.com/lucaskalb/rapidx/gen/slice.go:90.38,91.14 1 1
github.com/lucaskalb/rapidx/gen/slice.go:93.5,93.37 1 1
github.com/lucaskalb/rapidx/gen/slice.go:93.37,97.6 3 1
github.com/lucaskalb/rapidx/gen/slice.go:100.3,102.29 2 1
github.com/lucaskalb/rapidx/gen/slice.go:102.29,103.23 1 1
github.com/lucaskalb/rapidx/gen/slice.go:103.23,105.5 1 1
github.com/lucaskalb/rapidx/gen/slice.go:106.4,106.31 1 1
github.com/lucaskalb/rapidx/gen/slice.go:106.31,110.5 3 1
github.com/lucaskalb/rapidx/gen/slice.go:111.4,113.18 3 1
github.com/lucaskalb/rapidx/gen/slice.go:116.3,116.45 1 1
github.com/lucaskalb/rapidx/gen/slice.go:116.45,117.14 1 1
github.com/lucaskalb/rapidx/gen/slice.go:117.14,119.45 1 1
github.com/lucaskalb/rapidx/gen/slice.go:119.45,124.25 3 1
github.com/lucaskalb/rapidx/gen/slice.go:124.25,133.7 3 1
github.com/lucaskalb/rapidx/gen/slice.go:134.6,134.24 1 1
github.com/lucaskalb/rapidx/gen/slice.go:137.4,138.11 2 1
github.com/lucaskalb/rapidx/gen/slice.go:138.11,140.5 1 1
github.com/lucaskalb/rapidx/gen/slice.go:141.4,142.20 2 1
github.com/lucaskalb/rapidx/gen/slice.go:149.31,149.63 1 1
github.com/lucaskalb/rapidx/gen/string.go:21.59,22.69 1 1
github.com/lucaskalb/rapidx/gen/string.go:22.69,23.15 1 1
github.com/lucaskalb/rapidx/gen/string.go:23.15,25.4 1 0
github.com/lucaskalb/rapidx/gen/string.go:27.3,27.25 1 1
github.com/lucaskalb/rapidx/gen/string.go:27.25,29.4 1 0
github.com/lucaskalb/rapidx/gen/string.go:30.3,30.37 1 1
github.com/lucaskalb/rapidx/gen/string.go:30.37,32.4 1 0
github.com/lucaskalb/rapidx/gen/string.go:33.3,33.33 1 1
github.com/lucaskalb/rapidx/gen/string.go:33.33,35.4 1 0
github.com/lucaskalb/rapidx/gen/string.go:36.3,36.26 1 1
github.com/lucaskalb/rapidx/gen/string.go:36.26,38.4 1 0
github.com/lucaskalb/rapidx/gen/string.go:41.3,42.26 2 1
github.com/lucaskalb/rapidx/gen/string.go:42.26,44.4 1 1
github.com/lucaskalb/rapidx/gen/string.go:45.3,46.26 2 1
github.com/lucaskalb/rapidx/gen/string.go:46.26,48.4 1 1
github.com/lucaskalb/rapidx/gen/string.go:49.3,57.26 6 1
github.com/lucaskalb/rapidx/gen/string.go:57.26,58.28 1 1
github.com/lucaskalb/rapidx/gen/string.go:58.28,60.5 1 0
github.com/lucaskalb/rapidx/gen/string.go:61.4,62.28 2 1
github.com/lucaskalb/rapidx/gen/string.go:68.3,68.38 1 1
github.com/lucaskalb/rapidx/gen/string.go:68.38,71.21 2 1
github.com/lucaskalb/rapidx/gen/string.go:71.21,72.56 1 1
github.com/lucaskalb/rapidx/gen/string.go:72.56,74.6 1 1
github.com/lucaskalb/rapidx/gen/string.go:77.4,77.21 1 1
github.com/lucaskalb/rapidx/gen/string.go:77.21,81.39 3 1
github.com/lucaskalb/rapidx/gen/string.go:81.39,82.25 1 1
github.com/lucaskalb/rapidx/gen/string.go:82.25,86.48 4 1
github.com/lucaskalb/rapidx/gen/string.go:86.48,88.8 1 1
github.com/lucaskalb/rapidx/gen/string.go:93.3,95.32 2 1
github.com/lucaskalb/rapidx/gen/string.go:95.32,96.23 1 1
github.com/lucaskalb/rapidx/gen/string.go:96.23,98.5 1 0
github.com/lucaskalb/rapidx/gen/string.go:99.4,99.31 1 1
github.com/lucaskalb/rapidx/gen/string.go:99.31,103.5 3 0
github.com/lucaskalb/rapidx/gen/string.go:104.4,106.18 3 1
github.com/lucaskalb/rapidx/gen/string.go:109.3,109.48 1 1
github.com/lucaskalb/rapidx/gen/string.go:109.48,110.14 1 1
github.com/lucaskalb/rapidx/gen/string.go:110.14,111.34 1 0
github.com/lucaskalb/rapidx/gen/string.go:111.34,114.6 2 0
github.com/lucaskalb/rapidx/gen/string.go:116.4,117.11 2 1
github.com/lucaskalb/rapidx/gen/string.go:117.11,119.5 1 0
github.com/lucaskalb/rapidx/gen/string.go:120.4,121.21 2 1
github.com/lucaskalb/rapidx/gen/string.go:127.50,127.88 1 1
github.com/lucaskalb/rapidx/gen/string.go:128.50,128.91 1 1
github.com/lucaskalb/rapidx/gen/string.go:129.50,129.89 1 1
github.com/lucaskalb/rapidx/gen/string.go:130.50,130.88 1 1
github.com/lucaskalb/rapidx/gen/types.go:19.34,20.16 1 1
github.com/lucaskalb/rapidx/gen/types.go:20.16,22.3 1 1
github.com/lucaskalb/rapidx/gen/types.go:22.8,24.3 1 1
github.com/lucaskalb/rapidx/gen/types.go:35.70,35.92 1 1
github.com/lucaskalb/rapidx/gen/types.go:37.75,39.2 1 1
github.com/lucaskalb/rapidx/gen/uint.go:9.38,10.65 1 1
github.com/lucaskalb/rapidx/gen/uint.go:10.65,11.15 1 1
github.com/lucaskalb/rapidx/gen/uint.go:11.15,11.61 1 0
github.com/lucaskalb/rapidx/gen/uint.go:12.3,13.16 2 1
github.com/lucaskalb/rapidx/gen/uint.go:13.16,13.39 1 0
github.com/lucaskalb/rapidx/gen/uint.go:14.3,15.37 2 1
github.com/lucaskalb/rapidx/gen/uint.go:20.47,21.15 1 1
github.com/lucaskalb/rapidx/gen/uint.go:21.15,21.38 1 0
github.com/lucaskalb/rapidx/gen/uint.go:22.2,22.64 1 1
github.com/lucaskalb/rapidx/gen/uint.go:22.64,23.15 1 1
github.com/lucaskalb/rapidx/gen/uint.go:23.15,23.61 1 0
github.com/lucaskalb/rapidx/gen/uint.go:24.3,25.37 2 1
github.com/lucaskalb/rapidx/gen/uint.go:31.66,37.23 4 1
github.com/lucaskalb/rapidx/gen/uint.go:37.23,38.25 1 1
github.com/lucaskalb/rapidx/gen/uint.go:38.25,38.35 1 1
github.com/lucaskalb/rapidx/gen/uint.go:39.3,39.27 1 1
github.com/lucaskalb/rapidx/gen/uint.go:39.27,39.37 1 1
github.com/lucaskalb/rapidx/gen/uint.go:40.3,41.27 2 1
github.com/lucaskalb/rapidx/gen/uint.go:44.2,44.26 1 1
github.com/lucaskalb/rapidx/gen/uint.go:44.26,47.16 2 1
github.com/lucaskalb/rapidx/gen/uint.go:47.16,47.27 1 1
github.com/lucaskalb/rapidx/gen/uint.go:49.3,49.16 1 1
github.com/lucaskalb/rapidx/gen/uint.go:49.16,51.20 2 1
github.com/lucaskalb/rapidx/gen/uint.go:51.20,51.34 1 1
github.com/lucaskalb/rapidx/gen/uint.go:52.4,53.41 2 1
github.com/lucaskalb/rapidx/gen/uint.go:53.41,56.5 2 1
github.com/lucaskalb/rapidx/gen/uint.go:59.3,59.15 1 1
github.com/lucaskalb/rapidx/gen/uint.go:59.15,59.33 1 1
github.com/lucaskalb/rapidx/gen/uint.go:61.3,61.18 1 1
github.com/lucaskalb/rapidx/gen/uint.go:61.18,61.31 1 1
github.com/lucaskalb/rapidx/gen/uint.go:62.3,62.18 1 1
github.com/lucaskalb/rapidx/gen/uint.go:62.18,62.31 1 1
github.com/lucaskalb/rapidx/gen/uint.go:64.2,66.29 2 1
github.com/lucaskalb/rapidx/gen/uint.go:66.29,67.22 1 1
github.com/lucaskalb/rapidx/gen/uint.go:67.22,67.41 1 0
github.com/lucaskalb/rapidx/gen/uint.go:68.3,68.30 1 1
github.com/lucaskalb/rapidx/gen/uint.go:68.30,72.4 3 0
github.com/lucaskalb/rapidx/gen/uint.go:73.3,75.17 3 1
github.com/lucaskalb/rapidx/gen/uint.go:78.2,78.45 1 1
github.com/lucaskalb/rapidx/gen/uint.go:78.45,79.28 1 1
github.com/lucaskalb/rapidx/gen/uint.go:79.28,82.4 2 0
github.com/lucaskalb/rapidx/gen/uint.go:83.3,84.10 2 1
github.com/lucaskalb/rapidx/gen/uint.go:84.10,84.29 1 0
github.com/lucaskalb/rapidx/gen/uint.go:85.3,86.19 2 1
github.com/lucaskalb/rapidx/gen/uint.go:90.57,92.46 2 1
github.com/lucaskalb/rapidx/gen/uint.go:92.46,93.16 1 1
github.com/lucaskalb/rapidx/gen/uint.go:93.16,93.29 1 1
github.com/lucaskalb/rapidx/gen/uint.go:95.2,95.12 1 1
github.com/lucaskalb/rapidx/gen/uint.go:95.12,95.23 1 0
github.com/lucaskalb/rapidx/gen/uint.go:96.2,96.19 1 1
github.com/lucaskalb/rapidx/gen/uint.go:98.36,99.13 1 1
github.com/lucaskalb/rapidx/gen/uint.go:99.13,99.27 1 0
github.com/lucaskalb/rapidx/gen/uint.go:100.2,100.13 1 1
github.com/lucaskalb/rapidx/gen/uint.go:100.13,100.27 1 0
github.com/lucaskalb/rapidx/gen/uint.go:101.2,101.10 1 1
github.com/lucaskalb/rapidx/gen/uint64.go:7.42,8.69 1 1
github.com/lucaskalb/rapidx/gen/uint64.go:8.69,9.15 1 1
github.com/lucaskalb/rapidx/gen/uint64.go:9.15,9.61 1 0
github.com/lucaskalb/rapidx/gen/uint64.go:10.3,11.16 2 1
github.com/lucaskalb/rapidx/gen/uint64.go:11.16,11.39 1 0
github.com/lucaskalb/rapidx/gen/uint64.go:12.3,13.39 2 1
github.com/lucaskalb/rapidx/gen/uint64.go:18.53,19.15 1 1
github.com/lucaskalb/rapidx/gen/uint64.go:19.15,19.38 1 0
github.com/lucaskalb/rapidx/gen/uint64.go:20.2,20.68 1 1
github.com/lucaskalb/rapidx/gen/uint64.go:20.68,21.15 1 1
github.com/lucaskalb/rapidx/gen/uint64.go:21.15,21.61 1 0
github.com/lucaskalb/rapidx/gen/uint64.go:22.3,23.39 2 1
github.com/lucaskalb/rapidx/gen/uint64.go:29.74,35.25 4 1
github.com/lucaskalb/rapidx/gen/uint64.go:35.25,36.25 1 1
github.com/lucaskalb/rapidx/gen/uint64.go:36.25,36.35 1 1
github.com/lucaskalb/rapidx/gen/uint64.go:37.3,37.27 1 1
github.com/lucaskalb/rapidx/gen/uint64.go:37.27,37.37 1 1
github.com/lucaskalb/rapidx/gen/uint64.go:38.3,39.27 2 1
github.com/lucaskalb/rapidx/gen/uint64.go:42.2,42.28 1 1
github.com/lucaskalb/rapidx/gen/uint64.go:42.28,45.16 2 1
github.com/lucaskalb/rapidx/gen/uint64.go:45.16,45.27 1 1
github.com/lucaskalb/rapidx/gen/uint64.go:47.3,47.16 1 1
github.com/lucaskalb/rapidx/gen/uint64.go:47.16,49.20 2 1
github.com/lucaskalb/rapidx/gen/uint64.go:49.20,49.34 1 1
github.com/lucaskalb/rapidx/gen/uint64.go:50.4,51.41 2 1
github.com/lucaskalb/rapidx/gen/uint64.go:51.41,54.5 2 1
github.com/lucaskalb/rapidx/gen/uint64.go:57.3,57.15 1 1
github.com/lucaskalb/rapidx/gen/uint64.go:57.15,57.33 1 1
github.com/lucaskalb/rapidx/gen/uint64.go:59.3,59.18 1 1
github.com/lucaskalb/rapidx/gen/uint64.go:59.18,59.31 1 1
github.com/lucaskalb/rapidx/gen/uint64.go:60.3,60.18 1 1
github.com/lucaskalb/rapidx/gen/uint64.go:60.18,60.31 1 1
github.com/lucaskalb/rapidx/gen/uint64.go:62.2,64.31 2 1
github.com/lucaskalb/rapidx/gen/uint64.go:64.31,65.22 1 1
github.com/lucaskalb/rapidx/gen/uint64.go:65.22,65.41 1 1
github.com/lucaskalb/rapidx/gen/uint64.go:66.3,66.30 1 1
github.com/lucaskalb/rapidx/gen/uint64.go:66.30,70.4 3 1
github.com/lucaskalb/rapidx/gen/uint64.go:71.3,73.17 3 1
github.com/lucaskalb/rapidx/gen/uint64.go:76.2,76.47 1 1
github.com/lucaskalb/rapidx/gen/uint64.go:76.47,77.28 1 1
github.com/lucaskalb/rapidx/gen/uint64.go:77.28,80.4 2 1
github.com/lucaskalb/rapidx/gen/uint64.go:81.3,82.10 2 1
github.com/lucaskalb/rapidx/gen/uint64.go:82.10,82.29 1 1
github.com/lucaskalb/rapidx/gen/uint64.go:83.3,84.19 2 1
github.com/lucaskalb/rapidx/gen/uint64.go:88.63,90.46 2 1
github.com/lucaskalb/rapidx/gen/uint64.go:90.46,91.16 1 1
github.com/lucaskalb/rapidx/gen/uint64.go:91.16,91.29 1 1
github.com/lucaskalb/rapidx/gen/uint64.go:93.2,93.12 1 1
github.com/lucaskalb/rapidx/gen/uint64.go:93.12,93.23 1 1
github.com/lucaskalb/rapidx/gen/uint64.go:94.2,94.21 1 1
github.com/lucaskalb/rapidx/gen/uint64.go:96.42,97.13 1 1
github.com/lucaskalb/rapidx/gen/uint64.go:97.13,97.27 1 1
github.com/lucaskalb/rapidx/gen/uint64.go:98.2,98.13 1 1
github.com/lucaskalb/rapidx/gen/uint64.go:98.13,98.27 1 1
github.com/lucaskalb/rapidx/gen/uint64.go:99.2,99.10 1 1
